<?xml version="1.0" encoding="UTF-8"?>
<!-- Generated by org.testng.reporters.JUnitReportReporter -->
<testsuite skipped="0" hostname="LAPTOP-6OUD81RG" name="com.test.LoginTest" tests="6" failures="0" timestamp="23 Feb 2020 18:29:27 GMT" time="160.534" errors="0">
  <testcase name="verifyLoginPageTitle" time="21.564" classname="com.test.LoginTest"/>
  <testcase name="verifyLoginPageTitle" time="26.426" classname="com.test.LoginTest"/>
  <testcase name="verifyLoginPageHeader" time="24.487" classname="com.test.LoginTest"/>
  <testcase name="verifyLoginPageHeader" time="20.440" classname="com.test.LoginTest"/>
  <testcase name="verifyLogin" time="36.411" classname="com.test.LoginTest"/>
  <testcase name="verifyLogin" time="31.206" classname="com.test.LoginTest"/>
</testsuite> <!-- com.test.LoginTest -->
